Determining if the pthread_create exist failed with the following output:
Change Dir: /home/hackathon/ROSCock/src/ROSCock_gazebo_plugin/scripts/CMakeFiles/CMakeTmp

Run Build Command:/usr/bin/make "cmTryCompileExec883701283/fast"
/usr/bin/make -f CMakeFiles/cmTryCompileExec883701283.dir/build.make CMakeFiles/cmTryCompileExec883701283.dir/build
make[1]: Entering directory `/home/hackathon/ROSCock/src/ROSCock_gazebo_plugin/scripts/CMakeFiles/CMakeTmp'
/usr/bin/cmake -E cmake_progress_report /home/hackathon/ROSCock/src/ROSCock_gazebo_plugin/scripts/CMakeFiles/CMakeTmp/CMakeFiles 1
Building C object CMakeFiles/cmTryCompileExec883701283.dir/CheckSymbolExists.c.o
/usr/bin/cc    -o CMakeFiles/cmTryCompileExec883701283.dir/CheckSymbolExists.c.o   -c /home/hackathon/ROSCock/src/ROSCock_gazebo_plugin/scripts/CMakeFiles/CMakeTmp/CheckSymbolExists.c
Linking C executable cmTryCompileExec883701283
/usr/bin/cmake -E cmake_link_script CMakeFiles/cmTryCompileExec883701283.dir/link.txt --verbose=1
/usr/bin/cc       CMakeFiles/cmTryCompileExec883701283.dir/CheckSymbolExists.c.o  -o cmTryCompileExec883701283 -rdynamic 
CMakeFiles/cmTryCompileExec883701283.dir/CheckSymbolExists.c.o: In function `main':
CheckSymbolExists.c:(.text+0x16): undefined reference to `pthread_create'
collect2: error: ld returned 1 exit status
make[1]: *** [cmTryCompileExec883701283] Error 1
make[1]: Leaving directory `/home/hackathon/ROSCock/src/ROSCock_gazebo_plugin/scripts/CMakeFiles/CMakeTmp'
make: *** [cmTryCompileExec883701283/fast] Error 2

File /home/hackathon/ROSCock/src/ROSCock_gazebo_plugin/scripts/CMakeFiles/CMakeTmp/CheckSymbolExists.c:
/* */
#include <pthread.h>

int main(int argc, char** argv)
{
  (void)argv;
#ifndef pthread_create
  return ((int*)(&pthread_create))[argc];
#else
  (void)argc;
  return 0;
#endif
}

Determining if the function pthread_create exists in the pthreads failed with the following output:
Change Dir: /home/hackathon/ROSCock/src/ROSCock_gazebo_plugin/scripts/CMakeFiles/CMakeTmp

Run Build Command:/usr/bin/make "cmTryCompileExec2087912612/fast"
/usr/bin/make -f CMakeFiles/cmTryCompileExec2087912612.dir/build.make CMakeFiles/cmTryCompileExec2087912612.dir/build
make[1]: Entering directory `/home/hackathon/ROSCock/src/ROSCock_gazebo_plugin/scripts/CMakeFiles/CMakeTmp'
/usr/bin/cmake -E cmake_progress_report /home/hackathon/ROSCock/src/ROSCock_gazebo_plugin/scripts/CMakeFiles/CMakeTmp/CMakeFiles 1
Building C object CMakeFiles/cmTryCompileExec2087912612.dir/CheckFunctionExists.c.o
/usr/bin/cc   -DCHECK_FUNCTION_EXISTS=pthread_create   -o CMakeFiles/cmTryCompileExec2087912612.dir/CheckFunctionExists.c.o   -c /usr/share/cmake-2.8/Modules/CheckFunctionExists.c
Linking C executable cmTryCompileExec2087912612
/usr/bin/cmake -E cmake_link_script CMakeFiles/cmTryCompileExec2087912612.dir/link.txt --verbose=1
/usr/bin/cc   -DCHECK_FUNCTION_EXISTS=pthread_create    CMakeFiles/cmTryCompileExec2087912612.dir/CheckFunctionExists.c.o  -o cmTryCompileExec2087912612 -rdynamic -lpthreads 
/usr/bin/ld: cannot find -lpthreads
collect2: error: ld returned 1 exit status
make[1]: *** [cmTryCompileExec2087912612] Error 1
make[1]: Leaving directory `/home/hackathon/ROSCock/src/ROSCock_gazebo_plugin/scripts/CMakeFiles/CMakeTmp'
make: *** [cmTryCompileExec2087912612/fast] Error 2


